2014-11-26 14:41:19 5604 [Note] Plugin 'FEDERATED' is disabled.
2014-11-26 14:41:19 5604 [Note] InnoDB: The InnoDB memory heap is disabled
2014-11-26 14:41:19 5604 [Note] InnoDB: Mutexes and rw_locks use Windows interlocked functions
2014-11-26 14:41:19 5604 [Note] InnoDB: Compressed tables use zlib 1.2.3
2014-11-26 14:41:19 5604 [Note] InnoDB: Not using CPU crc32 instructions
2014-11-26 14:41:19 5604 [Note] InnoDB: Initializing buffer pool, size = 128.0M
2014-11-26 14:41:19 5604 [Note] InnoDB: Completed initialization of buffer pool
2014-11-26 14:41:20 5604 [Note] InnoDB: Setting log file E:\CVO\Trimester 4\Programmeren 4\USBWebserver v8.6\mysql\data\ib_logfile101 size to 5 MB
2014-11-26 14:41:21 5604 [Note] InnoDB: Setting log file E:\CVO\Trimester 4\Programmeren 4\USBWebserver v8.6\mysql\data\ib_logfile1 size to 5 MB
2014-11-26 14:41:21 5604 [Note] InnoDB: Renaming log file E:\CVO\Trimester 4\Programmeren 4\USBWebserver v8.6\mysql\data\ib_logfile101 to E:\CVO\Trimester 4\Programmeren 4\USBWebserver v8.6\mysql\data\ib_logfile0
2014-11-26 14:41:21 5604 [Warning] InnoDB: New log files created, LSN=1626134
2014-11-26 14:41:21 5604 [Note] InnoDB: Highest supported file format is Barracuda.
2014-11-26 14:41:22 5604 [Note] InnoDB: 128 rollback segment(s) are active.
2014-11-26 14:41:22 5604 [Note] InnoDB: Waiting for purge to start
2014-11-26 14:41:22 5604 [Note] InnoDB: 5.6.13 started; log sequence number 1626636
2014-11-26 14:41:22 5604 [Warning] No existing UUID has been found, so we assume that this is the first time that this server has been started. Generating a new UUID: e8ae728d-7571-11e4-8608-d067e53dd7e0.
2014-11-26 14:41:22 5604 [Note] Server hostname (bind-address): '*'; port: 3307
2014-11-26 14:41:22 5604 [Note] IPv6 is available.
2014-11-26 14:41:22 5604 [Note]   - '::' resolves to '::';
2014-11-26 14:41:22 5604 [Note] Server socket created on IP: '::'.
2014-11-26 15:42:18 8056 [Note] Plugin 'FEDERATED' is disabled.
2014-11-26 15:42:19 8056 [Note] InnoDB: The InnoDB memory heap is disabled
2014-11-26 15:42:19 8056 [Note] InnoDB: Mutexes and rw_locks use Windows interlocked functions
2014-11-26 15:42:19 8056 [Note] InnoDB: Compressed tables use zlib 1.2.3
2014-11-26 15:42:19 8056 [Note] InnoDB: Not using CPU crc32 instructions
2014-11-26 15:42:19 8056 [Note] InnoDB: Initializing buffer pool, size = 128.0M
2014-11-26 15:42:19 8056 [Note] InnoDB: Completed initialization of buffer pool
2014-11-26 15:42:19 8056 [Note] InnoDB: Highest supported file format is Barracuda.
2014-11-26 15:42:19 8056 [Note] InnoDB: The log sequence numbers 1626134 and 1626134 in ibdata files do not match the log sequence number 1640361 in the ib_logfiles!
2014-11-26 15:42:19 8056 [Note] InnoDB: Database was not shutdown normally!
2014-11-26 15:42:19 8056 [Note] InnoDB: Starting crash recovery.
2014-11-26 15:42:19 8056 [Note] InnoDB: Reading tablespace information from the .ibd files...
2014-11-26 15:42:19 8056 [Note] InnoDB: Restoring possible half-written data pages 
2014-11-26 15:42:19 8056 [Note] InnoDB: from the doublewrite buffer...
2014-11-26 15:42:20 8056 [Note] InnoDB: 128 rollback segment(s) are active.
2014-11-26 15:42:20 8056 [Note] InnoDB: Waiting for purge to start
2014-11-26 15:42:20 8056 [Note] InnoDB: 5.6.13 started; log sequence number 1640361
2014-11-26 15:42:20 8056 [Note] Server hostname (bind-address): '*'; port: 3307
2014-11-26 15:42:20 8056 [Note] IPv6 is available.
2014-11-26 15:42:20 8056 [Note]   - '::' resolves to '::';
2014-11-26 15:42:20 8056 [Note] Server socket created on IP: '::'.
2014-11-26 15:42:24 8056 [Note] Event Scheduler: Loaded 0 events
2014-11-26 15:42:24 8056 [Note] E:\CVO\Trimester 4\Programmeren 4\USBWebserver v8.6/mysql/bin/mysqld_usbwv8.exe: ready for connections.
Version: '5.6.13'  socket: ''  port: 3307  MySQL Community Server (GPL)
